<?xml version="1.0" encoding="UTF-8"?>
<!-- Generated by org.testng.reporters.JUnitReportReporter -->
<testsuite hostname="HSCINHYDLT42593" failures="0" tests="1" name="CoreTests.WorkorderTest" time="341.055" errors="0" timestamp="2025-08-22T13:37:00 IST" skipped="0">
  <testcase classname="CoreTests.WorkorderTest" name="workorder" time="341.055"/>
</testsuite> <!-- CoreTests.WorkorderTest -->
