<?xml version="1.0" encoding="UTF-8"?>
<!-- Generated by org.testng.reporters.JUnitReportReporter -->
<testsuite hostname="HSCINHYDLT42593" failures="0" tests="1" name="CoreTests.ProfileRecertTest" time="149.723" errors="0" timestamp="2025-08-21T21:12:32 IST" skipped="0">
  <testcase classname="CoreTests.ProfileRecertTest" name="recrt" time="149.723"/>
</testsuite> <!-- CoreTests.ProfileRecertTest -->
