<?xml version="1.0" encoding="UTF-8"?>
<!-- Generated by org.testng.reporters.JUnitReportReporter -->
<testsuite hostname="HSCINHYDLT42593" failures="0" tests="1" name="CoreTests.ProfileApprovalReport" time="109.784" errors="0" timestamp="2025-08-22T16:01:19 IST" skipped="0">
  <testcase classname="CoreTests.ProfileApprovalReport" name="ProfileApproval" time="109.784"/>
</testsuite> <!-- CoreTests.ProfileApprovalReport -->
