<?xml version="1.0" encoding="UTF-8"?>
<!-- Generated by org.testng.reporters.JUnitReportReporter -->
<testsuite hostname="HSCINHYDLT42593" failures="0" tests="1" name="CoreTests.TanksTest" time="102.192" errors="0" timestamp="2025-08-12T21:16:01 IST" skipped="0">
  <testcase classname="CoreTests.TanksTest" name="tanktest" time="102.192"/>
</testsuite> <!-- CoreTests.TanksTest -->
