<?xml version="1.0" encoding="UTF-8"?>
<!-- Generated by org.testng.reporters.JUnitReportReporter -->
<testsuite hostname="HSCINHYDLT42593" failures="0" tests="1" name="CoreTests.ProfileTonnageTest" time="107.567" errors="0" timestamp="2025-08-19T10:55:33 IST" skipped="0">
  <testcase classname="CoreTests.ProfileTonnageTest" name="ton" time="107.567"/>
</testsuite> <!-- CoreTests.ProfileTonnageTest -->
