<?xml version="1.0" encoding="UTF-8"?>
<!-- Generated by org.testng.reporters.JUnitReportReporter -->
<testsuite hostname="HSCINHYDLT42593" failures="0" tests="1" name="CoreTests.ProfileApprovalReport" time="136.580" errors="1" timestamp="2025-08-21T21:09:10 IST" skipped="0">
  <testcase classname="CoreTests.ProfileApprovalReport" name="ProfileApproval" time="136.580">
    <error message="Error {
  message=&#039;Timeout 90000ms exceeded.
  name=&#039;TimeoutError
  stack=&#039;TimeoutError: Timeout 90000ms exceeded.
    at ProgressController.run (C:\Users\KSHYAM~1\AppData\Local\Temp\playwright-java-7352832376456999520\package\lib\server\progress.js:65:26)
    at FrameDispatcher._runCommand (C:\Users\KSHYAM~1\AppData\Local\Temp\playwright-java-7352832376456999520\package\lib\server\dispatchers\dispatcher.js:91:31)
    at DispatcherConnection.dispatch (C:\Users\KSHYAM~1\AppData\Local\Temp\playwright-java-7352832376456999520\package\lib\server\dispatchers\dispatcher.js:322:39)
}
Call log:
-   - waiting for locator(&quot;form#frmMain&quot;) to be visible
-     80 × locator resolved to hidden &lt;form id=&quot;frmMain&quot; method=&quot;post&quot; action=&quot;./UserDashboard.aspx&quot;&gt;…&lt;/form&gt;
" type="com.microsoft.playwright.TimeoutError">
      <![CDATA[com.microsoft.playwright.TimeoutError: Error {
  message='Timeout 90000ms exceeded.
  name='TimeoutError
  stack='TimeoutError: Timeout 90000ms exceeded.
    at ProgressController.run (C:\Users\KSHYAM~1\AppData\Local\Temp\playwright-java-7352832376456999520\package\lib\server\progress.js:65:26)
    at FrameDispatcher._runCommand (C:\Users\KSHYAM~1\AppData\Local\Temp\playwright-java-7352832376456999520\package\lib\server\dispatchers\dispatcher.js:91:31)
    at DispatcherConnection.dispatch (C:\Users\KSHYAM~1\AppData\Local\Temp\playwright-java-7352832376456999520\package\lib\server\dispatchers\dispatcher.js:322:39)
}
Call log:
-   - waiting for locator("form#frmMain") to be visible
-     80 × locator resolved to hidden <form id="frmMain" method="post" action="./UserDashboard.aspx">…</form>

at com.microsoft.playwright.impl.WaitableResult.get(WaitableResult.java:52)
at com.microsoft.playwright.impl.ChannelOwner.runUntil(ChannelOwner.java:138)
at com.microsoft.playwright.impl.Connection.sendMessage(Connection.java:131)
at com.microsoft.playwright.impl.ChannelOwner.sendMessage(ChannelOwner.java:124)
at com.microsoft.playwright.impl.FrameImpl.waitForSelectorImpl(FrameImpl.java:985)
at com.microsoft.playwright.impl.FrameImpl.waitForSelector(FrameImpl.java:975)
at com.microsoft.playwright.impl.PageImpl.waitForSelector(PageImpl.java:1518)
at CorePages.LoginPage.login(LoginPage.java:47)
at CoreTests.ProfileApprovalReport.ProfileApproval(ProfileApprovalReport.java:14)
at java.base/jdk.internal.reflect.DirectMethodHandleAccessor.invoke(DirectMethodHandleAccessor.java:104)
at java.base/java.lang.reflect.Method.invoke(Method.java:578)
at org.testng.internal.invokers.MethodInvocationHelper.invokeMethod(MethodInvocationHelper.java:141)
at org.testng.internal.invokers.TestInvoker.invokeMethod(TestInvoker.java:686)
at org.testng.internal.invokers.TestInvoker.invokeTestMethod(TestInvoker.java:230)
at org.testng.internal.invokers.MethodRunner.runInSequence(MethodRunner.java:63)
at org.testng.internal.invokers.TestInvoker$MethodInvocationAgent.invoke(TestInvoker.java:992)
at org.testng.internal.invokers.TestInvoker.invokeTestMethods(TestInvoker.java:203)
at org.testng.internal.invokers.TestMethodWorker.invokeTestMethods(TestMethodWorker.java:154)
at org.testng.internal.invokers.TestMethodWorker.run(TestMethodWorker.java:134)
at java.base/java.util.ArrayList.forEach(ArrayList.java:1511)
at org.testng.TestRunner.privateRun(TestRunner.java:739)
at org.testng.TestRunner.run(TestRunner.java:614)
at org.testng.SuiteRunner.runTest(SuiteRunner.java:421)
at org.testng.SuiteRunner.runSequentially(SuiteRunner.java:413)
at org.testng.SuiteRunner.privateRun(SuiteRunner.java:373)
at org.testng.SuiteRunner.run(SuiteRunner.java:312)
at org.testng.SuiteRunnerWorker.runSuite(SuiteRunnerWorker.java:52)
at org.testng.SuiteRunnerWorker.run(SuiteRunnerWorker.java:95)
at org.testng.TestNG.runSuitesSequentially(TestNG.java:1274)
at org.testng.TestNG.runSuitesLocally(TestNG.java:1208)
at org.testng.TestNG.runSuites(TestNG.java:1112)
at org.testng.TestNG.run(TestNG.java:1079)
at org.testng.remote.AbstractRemoteTestNG.run(AbstractRemoteTestNG.java:115)
at org.testng.remote.RemoteTestNG.initAndRun(RemoteTestNG.java:293)
at org.testng.remote.RemoteTestNG.main(RemoteTestNG.java:91)
Caused by: com.microsoft.playwright.TimeoutError: Error {
  message='Timeout 90000ms exceeded.
  name='TimeoutError
  stack='TimeoutError: Timeout 90000ms exceeded.
    at ProgressController.run (C:\Users\KSHYAM~1\AppData\Local\Temp\playwright-java-7352832376456999520\package\lib\server\progress.js:65:26)
    at FrameDispatcher._runCommand (C:\Users\KSHYAM~1\AppData\Local\Temp\playwright-java-7352832376456999520\package\lib\server\dispatchers\dispatcher.js:91:31)
    at DispatcherConnection.dispatch (C:\Users\KSHYAM~1\AppData\Local\Temp\playwright-java-7352832376456999520\package\lib\server\dispatchers\dispatcher.js:322:39)
}
Call log:
-   - waiting for locator("form#frmMain") to be visible
-     80 × locator resolved to hidden <form id="frmMain" method="post" action="./UserDashboard.aspx">…</form>

at com.microsoft.playwright.impl.Connection.dispatch(Connection.java:257)
at com.microsoft.playwright.impl.Connection.processOneMessage(Connection.java:214)
at com.microsoft.playwright.impl.ChannelOwner.runUntil(ChannelOwner.java:136)
... 33 more
]]>
    </error>
  </testcase> <!-- ProfileApproval -->
</testsuite> <!-- CoreTests.ProfileApprovalReport -->
